The system is: Linux - 4.13.0-38-generic - x86_64
Compiling the C compiler identification source file "CMakeCCompilerId.c" succeeded.
Compiler: /usr/bin/cc 
Build flags: 
Id flags: 

The output was:
0


Compilation of the C compiler identification source "CMakeCCompilerId.c" produced "a.out"

The C compiler identification is GNU, found in "/home/dave/Downloads/glfw-3.2.1/CMakeFiles/3.5.1/CompilerIdC/a.out"

Determining if the C compiler works passed with the following output:
Change Dir: /home/dave/Downloads/glfw-3.2.1/CMakeFiles/CMakeTmp

Run Build Command:"/usr/bin/make" "cmTC_0916e/fast"
/usr/bin/make -f CMakeFiles/cmTC_0916e.dir/build.make CMakeFiles/cmTC_0916e.dir/build
make[1]: Entering directory '/home/dave/Downloads/glfw-3.2.1/CMakeFiles/CMakeTmp'
Building C object CMakeFiles/cmTC_0916e.dir/testCCompiler.c.o
/usr/bin/cc     -o CMakeFiles/cmTC_0916e.dir/testCCompiler.c.o   -c /home/dave/Downloads/glfw-3.2.1/CMakeFiles/CMakeTmp/testCCompiler.c
Linking C executable cmTC_0916e
/usr/bin/cmake -E cmake_link_script CMakeFiles/cmTC_0916e.dir/link.txt --verbose=1
/usr/bin/cc       CMakeFiles/cmTC_0916e.dir/testCCompiler.c.o  -o cmTC_0916e -rdynamic 
make[1]: Leaving directory '/home/dave/Downloads/glfw-3.2.1/CMakeFiles/CMakeTmp'


Detecting C compiler ABI info compiled with the following output:
Change Dir: /home/dave/Downloads/glfw-3.2.1/CMakeFiles/CMakeTmp

Run Build Command:"/usr/bin/make" "cmTC_02d8f/fast"
/usr/bin/make -f CMakeFiles/cmTC_02d8f.dir/build.make CMakeFiles/cmTC_02d8f.dir/build
make[1]: Entering directory '/home/dave/Downloads/glfw-3.2.1/CMakeFiles/CMakeTmp'
Building C object CMakeFiles/cmTC_02d8f.dir/CMakeCCompilerABI.c.o
/usr/bin/cc     -o CMakeFiles/cmTC_02d8f.dir/CMakeCCompilerABI.c.o   -c /usr/share/cmake-3.5/Modules/CMakeCCompilerABI.c
Linking C executable cmTC_02d8f
/usr/bin/cmake -E cmake_link_script CMakeFiles/cmTC_02d8f.dir/link.txt --verbose=1
/usr/bin/cc      -v CMakeFiles/cmTC_02d8f.dir/CMakeCCompilerABI.c.o  -o cmTC_02d8f -rdynamic  
Using built-in specs.
COLLECT_GCC=/usr/bin/cc
COLLECT_LTO_WRAPPER=/usr/lib/gcc/x86_64-linux-gnu/5/lto-wrapper
Target: x86_64-linux-gnu
Configured with: ../src/configure -v --with-pkgversion='Ubuntu 5.4.0-6ubuntu1~16.04.9' --with-bugurl=file:///usr/share/doc/gcc-5/README.Bugs --enable-languages=c,ada,c++,java,go,d,fortran,objc,obj-c++ --prefix=/usr --program-suffix=-5 --enable-shared --enable-linker-build-id --libexecdir=/usr/lib --without-included-gettext --enable-threads=posix --libdir=/usr/lib --enable-nls --with-sysroot=/ --enable-clocale=gnu --enable-libstdcxx-debug --enable-libstdcxx-time=yes --with-default-libstdcxx-abi=new --enable-gnu-unique-object --disable-vtable-verify --enable-libmpx --enable-plugin --with-system-zlib --disable-browser-plugin --enable-java-awt=gtk --enable-gtk-cairo --with-java-home=/usr/lib/jvm/java-1.5.0-gcj-5-amd64/jre --enable-java-home --with-jvm-root-dir=/usr/lib/jvm/java-1.5.0-gcj-5-amd64 --with-jvm-jar-dir=/usr/lib/jvm-exports/java-1.5.0-gcj-5-amd64 --with-arch-directory=amd64 --with-ecj-jar=/usr/share/java/eclipse-ecj.jar --enable-objc-gc --enable-multiarch --disable-werror --with-arch-32=i686 --with-abi=m64 --with-multilib-list=m32,m64,mx32 --enable-multilib --with-tune=generic --enable-checking=release --build=x86_64-linux-gnu --host=x86_64-linux-gnu --target=x86_64-linux-gnu
Thread model: posix
gcc version 5.4.0 20160609 (Ubuntu 5.4.0-6ubuntu1~16.04.9) 
COMPILER_PATH=/usr/lib/gcc/x86_64-linux-gnu/5/:/usr/lib/gcc/x86_64-linux-gnu/5/:/usr/lib/gcc/x86_64-linux-gnu/:/usr/lib/gcc/x86_64-linux-gnu/5/:/usr/lib/gcc/x86_64-linux-gnu/
LIBRARY_PATH=/usr/lib/gcc/x86_64-linux-gnu/5/:/usr/lib/gcc/x86_64-linux-gnu/5/../../../x86_64-linux-gnu/:/usr/lib/gcc/x86_64-linux-gnu/5/../../../../lib/:/lib/x86_64-linux-gnu/:/lib/../lib/:/usr/lib/x86_64-linux-gnu/:/usr/lib/../lib/:/usr/lib/gcc/x86_64-linux-gnu/5/../../../:/lib/:/usr/lib/
COLLECT_GCC_OPTIONS='-v' '-o' 'cmTC_02d8f' '-rdynamic' '-mtune=generic' '-march=x86-64'
 /usr/lib/gcc/x86_64-linux-gnu/5/collect2 -plugin /usr/lib/gcc/x86_64-linux-gnu/5/liblto_plugin.so -plugin-opt=/usr/lib/gcc/x86_64-linux-gnu/5/lto-wrapper -plugin-opt=-fresolution=/tmp/ccec8X40.res -plugin-opt=-pass-through=-lgcc -plugin-opt=-pass-through=-lgcc_s -plugin-opt=-pass-through=-lc -plugin-opt=-pass-through=-lgcc -plugin-opt=-pass-through=-lgcc_s --sysroot=/ --build-id --eh-frame-hdr -m elf_x86_64 --hash-style=gnu --as-needed -export-dynamic -dynamic-linker /lib64/ld-linux-x86-64.so.2 -z relro -o cmTC_02d8f /usr/lib/gcc/x86_64-linux-gnu/5/../../../x86_64-linux-gnu/crt1.o /usr/lib/gcc/x86_64-linux-gnu/5/../../../x86_64-linux-gnu/crti.o /usr/lib/gcc/x86_64-linux-gnu/5/crtbegin.o -L/usr/lib/gcc/x86_64-linux-gnu/5 -L/usr/lib/gcc/x86_64-linux-gnu/5/../../../x86_64-linux-gnu -L/usr/lib/gcc/x86_64-linux-gnu/5/../../../../lib -L/lib/x86_64-linux-gnu -L/lib/../lib -L/usr/lib/x86_64-linux-gnu -L/usr/lib/../lib -L/usr/lib/gcc/x86_64-linux-gnu/5/../../.. CMakeFiles/cmTC_02d8f.dir/CMakeCCompilerABI.c.o -lgcc --as-needed -lgcc_s --no-as-needed -lc -lgcc --as-needed -lgcc_s --no-as-needed /usr/lib/gcc/x86_64-linux-gnu/5/crtend.o /usr/lib/gcc/x86_64-linux-gnu/5/../../../x86_64-linux-gnu/crtn.o
make[1]: Leaving directory '/home/dave/Downloads/glfw-3.2.1/CMakeFiles/CMakeTmp'


Parsed C implicit link information from above output:
  link line regex: [^( *|.*[/\])(ld|([^/\]+-)?ld|collect2)[^/\]*( |$)]
  ignore line: [Change Dir: /home/dave/Downloads/glfw-3.2.1/CMakeFiles/CMakeTmp]
  ignore line: []
  ignore line: [Run Build Command:"/usr/bin/make" "cmTC_02d8f/fast"]
  ignore line: [/usr/bin/make -f CMakeFiles/cmTC_02d8f.dir/build.make CMakeFiles/cmTC_02d8f.dir/build]
  ignore line: [make[1]: Entering directory '/home/dave/Downloads/glfw-3.2.1/CMakeFiles/CMakeTmp']
  ignore line: [Building C object CMakeFiles/cmTC_02d8f.dir/CMakeCCompilerABI.c.o]
  ignore line: [/usr/bin/cc     -o CMakeFiles/cmTC_02d8f.dir/CMakeCCompilerABI.c.o   -c /usr/share/cmake-3.5/Modules/CMakeCCompilerABI.c]
  ignore line: [Linking C executable cmTC_02d8f]
  ignore line: [/usr/bin/cmake -E cmake_link_script CMakeFiles/cmTC_02d8f.dir/link.txt --verbose=1]
  ignore line: [/usr/bin/cc      -v CMakeFiles/cmTC_02d8f.dir/CMakeCCompilerABI.c.o  -o cmTC_02d8f -rdynamic  ]
  ignore line: [Using built-in specs.]
  ignore line: [COLLECT_GCC=/usr/bin/cc]
  ignore line: [COLLECT_LTO_WRAPPER=/usr/lib/gcc/x86_64-linux-gnu/5/lto-wrapper]
  ignore line: [Target: x86_64-linux-gnu]
  ignore line: [Configured with: ../src/configure -v --with-pkgversion='Ubuntu 5.4.0-6ubuntu1~16.04.9' --with-bugurl=file:///usr/share/doc/gcc-5/README.Bugs --enable-languages=c,ada,c++,java,go,d,fortran,objc,obj-c++ --prefix=/usr --program-suffix=-5 --enable-shared --enable-linker-build-id --libexecdir=/usr/lib --without-included-gettext --enable-threads=posix --libdir=/usr/lib --enable-nls --with-sysroot=/ --enable-clocale=gnu --enable-libstdcxx-debug --enable-libstdcxx-time=yes --with-default-libstdcxx-abi=new --enable-gnu-unique-object --disable-vtable-verify --enable-libmpx --enable-plugin --with-system-zlib --disable-browser-plugin --enable-java-awt=gtk --enable-gtk-cairo --with-java-home=/usr/lib/jvm/java-1.5.0-gcj-5-amd64/jre --enable-java-home --with-jvm-root-dir=/usr/lib/jvm/java-1.5.0-gcj-5-amd64 --with-jvm-jar-dir=/usr/lib/jvm-exports/java-1.5.0-gcj-5-amd64 --with-arch-directory=amd64 --with-ecj-jar=/usr/share/java/eclipse-ecj.jar --enable-objc-gc --enable-multiarch --disable-werror --with-arch-32=i686 --with-abi=m64 --with-multilib-list=m32,m64,mx32 --enable-multilib --with-tune=generic --enable-checking=release --build=x86_64-linux-gnu --host=x86_64-linux-gnu --target=x86_64-linux-gnu]
  ignore line: [Thread model: posix]
  ignore line: [gcc version 5.4.0 20160609 (Ubuntu 5.4.0-6ubuntu1~16.04.9) ]
  ignore line: [COMPILER_PATH=/usr/lib/gcc/x86_64-linux-gnu/5/:/usr/lib/gcc/x86_64-linux-gnu/5/:/usr/lib/gcc/x86_64-linux-gnu/:/usr/lib/gcc/x86_64-linux-gnu/5/:/usr/lib/gcc/x86_64-linux-gnu/]
  ignore line: [LIBRARY_PATH=/usr/lib/gcc/x86_64-linux-gnu/5/:/usr/lib/gcc/x86_64-linux-gnu/5/../../../x86_64-linux-gnu/:/usr/lib/gcc/x86_64-linux-gnu/5/../../../../lib/:/lib/x86_64-linux-gnu/:/lib/../lib/:/usr/lib/x86_64-linux-gnu/:/usr/lib/../lib/:/usr/lib/gcc/x86_64-linux-gnu/5/../../../:/lib/:/usr/lib/]
  ignore line: [COLLECT_GCC_OPTIONS='-v' '-o' 'cmTC_02d8f' '-rdynamic' '-mtune=generic' '-march=x86-64']
  link line: [ /usr/lib/gcc/x86_64-linux-gnu/5/collect2 -plugin /usr/lib/gcc/x86_64-linux-gnu/5/liblto_plugin.so -plugin-opt=/usr/lib/gcc/x86_64-linux-gnu/5/lto-wrapper -plugin-opt=-fresolution=/tmp/ccec8X40.res -plugin-opt=-pass-through=-lgcc -plugin-opt=-pass-through=-lgcc_s -plugin-opt=-pass-through=-lc -plugin-opt=-pass-through=-lgcc -plugin-opt=-pass-through=-lgcc_s --sysroot=/ --build-id --eh-frame-hdr -m elf_x86_64 --hash-style=gnu --as-needed -export-dynamic -dynamic-linker /lib64/ld-linux-x86-64.so.2 -z relro -o cmTC_02d8f /usr/lib/gcc/x86_64-linux-gnu/5/../../../x86_64-linux-gnu/crt1.o /usr/lib/gcc/x86_64-linux-gnu/5/../../../x86_64-linux-gnu/crti.o /usr/lib/gcc/x86_64-linux-gnu/5/crtbegin.o -L/usr/lib/gcc/x86_64-linux-gnu/5 -L/usr/lib/gcc/x86_64-linux-gnu/5/../../../x86_64-linux-gnu -L/usr/lib/gcc/x86_64-linux-gnu/5/../../../../lib -L/lib/x86_64-linux-gnu -L/lib/../lib -L/usr/lib/x86_64-linux-gnu -L/usr/lib/../lib -L/usr/lib/gcc/x86_64-linux-gnu/5/../../.. CMakeFiles/cmTC_02d8f.dir/CMakeCCompilerABI.c.o -lgcc --as-needed -lgcc_s --no-as-needed -lc -lgcc --as-needed -lgcc_s --no-as-needed /usr/lib/gcc/x86_64-linux-gnu/5/crtend.o /usr/lib/gcc/x86_64-linux-gnu/5/../../../x86_64-linux-gnu/crtn.o]
    arg [/usr/lib/gcc/x86_64-linux-gnu/5/collect2] ==> ignore
    arg [-plugin] ==> ignore
    arg [/usr/lib/gcc/x86_64-linux-gnu/5/liblto_plugin.so] ==> ignore
    arg [-plugin-opt=/usr/lib/gcc/x86_64-linux-gnu/5/lto-wrapper] ==> ignore
    arg [-plugin-opt=-fresolution=/tmp/ccec8X40.res] ==> ignore
    arg [-plugin-opt=-pass-through=-lgcc] ==> ignore
    arg [-plugin-opt=-pass-through=-lgcc_s] ==> ignore
    arg [-plugin-opt=-pass-through=-lc] ==> ignore
    arg [-plugin-opt=-pass-through=-lgcc] ==> ignore
    arg [-plugin-opt=-pass-through=-lgcc_s] ==> ignore
    arg [--sysroot=/] ==> ignore
    arg [--build-id] ==> ignore
    arg [--eh-frame-hdr] ==> ignore
    arg [-m] ==> ignore
    arg [elf_x86_64] ==> ignore
    arg [--hash-style=gnu] ==> ignore
    arg [--as-needed] ==> ignore
    arg [-export-dynamic] ==> ignore
    arg [-dynamic-linker] ==> ignore
    arg [/lib64/ld-linux-x86-64.so.2] ==> ignore
    arg [-zrelro] ==> ignore
    arg [-o] ==> ignore
    arg [cmTC_02d8f] ==> ignore
    arg [/usr/lib/gcc/x86_64-linux-gnu/5/../../../x86_64-linux-gnu/crt1.o] ==> ignore
    arg [/usr/lib/gcc/x86_64-linux-gnu/5/../../../x86_64-linux-gnu/crti.o] ==> ignore
    arg [/usr/lib/gcc/x86_64-linux-gnu/5/crtbegin.o] ==> ignore
    arg [-L/usr/lib/gcc/x86_64-linux-gnu/5] ==> dir [/usr/lib/gcc/x86_64-linux-gnu/5]
    arg [-L/usr/lib/gcc/x86_64-linux-gnu/5/../../../x86_64-linux-gnu] ==> dir [/usr/lib/gcc/x86_64-linux-gnu/5/../../../x86_64-linux-gnu]
    arg [-L/usr/lib/gcc/x86_64-linux-gnu/5/../../../../lib] ==> dir [/usr/lib/gcc/x86_64-linux-gnu/5/../../../../lib]
    arg [-L/lib/x86_64-linux-gnu] ==> dir [/lib/x86_64-linux-gnu]
    arg [-L/lib/../lib] ==> dir [/lib/../lib]
    arg [-L/usr/lib/x86_64-linux-gnu] ==> dir [/usr/lib/x86_64-linux-gnu]
    arg [-L/usr/lib/../lib] ==> dir [/usr/lib/../lib]
    arg [-L/usr/lib/gcc/x86_64-linux-gnu/5/../../..] ==> dir [/usr/lib/gcc/x86_64-linux-gnu/5/../../..]
    arg [CMakeFiles/cmTC_02d8f.dir/CMakeCCompilerABI.c.o] ==> ignore
    arg [-lgcc] ==> lib [gcc]
    arg [--as-needed] ==> ignore
    arg [-lgcc_s] ==> lib [gcc_s]
    arg [--no-as-needed] ==> ignore
    arg [-lc] ==> lib [c]
    arg [-lgcc] ==> lib [gcc]
    arg [--as-needed] ==> ignore
    arg [-lgcc_s] ==> lib [gcc_s]
    arg [--no-as-needed] ==> ignore
    arg [/usr/lib/gcc/x86_64-linux-gnu/5/crtend.o] ==> ignore
    arg [/usr/lib/gcc/x86_64-linux-gnu/5/../../../x86_64-linux-gnu/crtn.o] ==> ignore
  remove lib [gcc]
  remove lib [gcc_s]
  remove lib [gcc]
  remove lib [gcc_s]
  collapse library dir [/usr/lib/gcc/x86_64-linux-gnu/5] ==> [/usr/lib/gcc/x86_64-linux-gnu/5]
  collapse library dir [/usr/lib/gcc/x86_64-linux-gnu/5/../../../x86_64-linux-gnu] ==> [/usr/lib/x86_64-linux-gnu]
  collapse library dir [/usr/lib/gcc/x86_64-linux-gnu/5/../../../../lib] ==> [/usr/lib]
  collapse library dir [/lib/x86_64-linux-gnu] ==> [/lib/x86_64-linux-gnu]
  collapse library dir [/lib/../lib] ==> [/lib]
  collapse library dir [/usr/lib/x86_64-linux-gnu] ==> [/usr/lib/x86_64-linux-gnu]
  collapse library dir [/usr/lib/../lib] ==> [/usr/lib]
  collapse library dir [/usr/lib/gcc/x86_64-linux-gnu/5/../../..] ==> [/usr/lib]
  implicit libs: [c]
  implicit dirs: [/usr/lib/gcc/x86_64-linux-gnu/5;/usr/lib/x86_64-linux-gnu;/usr/lib;/lib/x86_64-linux-gnu;/lib]
  implicit fwks: []




Detecting C [-std=c11] compiler features compiled with the following output:
Change Dir: /home/dave/Downloads/glfw-3.2.1/CMakeFiles/CMakeTmp

Run Build Command:"/usr/bin/make" "cmTC_c1799/fast"
/usr/bin/make -f CMakeFiles/cmTC_c1799.dir/build.make CMakeFiles/cmTC_c1799.dir/build
make[1]: Entering directory '/home/dave/Downloads/glfw-3.2.1/CMakeFiles/CMakeTmp'
Building C object CMakeFiles/cmTC_c1799.dir/feature_tests.c.o
/usr/bin/cc    -std=c11 -o CMakeFiles/cmTC_c1799.dir/feature_tests.c.o   -c /home/dave/Downloads/glfw-3.2.1/CMakeFiles/feature_tests.c
Linking C executable cmTC_c1799
/usr/bin/cmake -E cmake_link_script CMakeFiles/cmTC_c1799.dir/link.txt --verbose=1
/usr/bin/cc       CMakeFiles/cmTC_c1799.dir/feature_tests.c.o  -o cmTC_c1799 -rdynamic 
make[1]: Leaving directory '/home/dave/Downloads/glfw-3.2.1/CMakeFiles/CMakeTmp'


    Feature record: C_FEATURE:1c_function_prototypes
    Feature record: C_FEATURE:1c_restrict
    Feature record: C_FEATURE:1c_static_assert
    Feature record: C_FEATURE:1c_variadic_macros


Detecting C [-std=c99] compiler features compiled with the following output:
Change Dir: /home/dave/Downloads/glfw-3.2.1/CMakeFiles/CMakeTmp

Run Build Command:"/usr/bin/make" "cmTC_4ca7b/fast"
/usr/bin/make -f CMakeFiles/cmTC_4ca7b.dir/build.make CMakeFiles/cmTC_4ca7b.dir/build
make[1]: Entering directory '/home/dave/Downloads/glfw-3.2.1/CMakeFiles/CMakeTmp'
Building C object CMakeFiles/cmTC_4ca7b.dir/feature_tests.c.o
/usr/bin/cc    -std=c99 -o CMakeFiles/cmTC_4ca7b.dir/feature_tests.c.o   -c /home/dave/Downloads/glfw-3.2.1/CMakeFiles/feature_tests.c
Linking C executable cmTC_4ca7b
/usr/bin/cmake -E cmake_link_script CMakeFiles/cmTC_4ca7b.dir/link.txt --verbose=1
/usr/bin/cc       CMakeFiles/cmTC_4ca7b.dir/feature_tests.c.o  -o cmTC_4ca7b -rdynamic 
make[1]: Leaving directory '/home/dave/Downloads/glfw-3.2.1/CMakeFiles/CMakeTmp'


    Feature record: C_FEATURE:1c_function_prototypes
    Feature record: C_FEATURE:1c_restrict
    Feature record: C_FEATURE:0c_static_assert
    Feature record: C_FEATURE:1c_variadic_macros


Detecting C [-std=c90] compiler features compiled with the following output:
Change Dir: /home/dave/Downloads/glfw-3.2.1/CMakeFiles/CMakeTmp

Run Build Command:"/usr/bin/make" "cmTC_7285e/fast"
/usr/bin/make -f CMakeFiles/cmTC_7285e.dir/build.make CMakeFiles/cmTC_7285e.dir/build
make[1]: Entering directory '/home/dave/Downloads/glfw-3.2.1/CMakeFiles/CMakeTmp'
Building C object CMakeFiles/cmTC_7285e.dir/feature_tests.c.o
/usr/bin/cc    -std=c90 -o CMakeFiles/cmTC_7285e.dir/feature_tests.c.o   -c /home/dave/Downloads/glfw-3.2.1/CMakeFiles/feature_tests.c
Linking C executable cmTC_7285e
/usr/bin/cmake -E cmake_link_script CMakeFiles/cmTC_7285e.dir/link.txt --verbose=1
/usr/bin/cc       CMakeFiles/cmTC_7285e.dir/feature_tests.c.o  -o cmTC_7285e -rdynamic 
make[1]: Leaving directory '/home/dave/Downloads/glfw-3.2.1/CMakeFiles/CMakeTmp'


    Feature record: C_FEATURE:1c_function_prototypes
    Feature record: C_FEATURE:0c_restrict
    Feature record: C_FEATURE:0c_static_assert
    Feature record: C_FEATURE:0c_variadic_macros
Determining if the include file pthread.h exists passed with the following output:
Change Dir: /home/dave/Downloads/glfw-3.2.1/CMakeFiles/CMakeTmp

Run Build Command:"/usr/bin/make" "cmTC_2c774/fast"
/usr/bin/make -f CMakeFiles/cmTC_2c774.dir/build.make CMakeFiles/cmTC_2c774.dir/build
make[1]: Entering directory '/home/dave/Downloads/glfw-3.2.1/CMakeFiles/CMakeTmp'
Building C object CMakeFiles/cmTC_2c774.dir/CheckIncludeFile.c.o
/usr/bin/cc     -o CMakeFiles/cmTC_2c774.dir/CheckIncludeFile.c.o   -c /home/dave/Downloads/glfw-3.2.1/CMakeFiles/CMakeTmp/CheckIncludeFile.c
Linking C executable cmTC_2c774
/usr/bin/cmake -E cmake_link_script CMakeFiles/cmTC_2c774.dir/link.txt --verbose=1
/usr/bin/cc       CMakeFiles/cmTC_2c774.dir/CheckIncludeFile.c.o  -o cmTC_2c774 -rdynamic 
make[1]: Leaving directory '/home/dave/Downloads/glfw-3.2.1/CMakeFiles/CMakeTmp'


Determining if the function pthread_create exists in the pthread passed with the following output:
Change Dir: /home/dave/Downloads/glfw-3.2.1/CMakeFiles/CMakeTmp

Run Build Command:"/usr/bin/make" "cmTC_8f0d1/fast"
/usr/bin/make -f CMakeFiles/cmTC_8f0d1.dir/build.make CMakeFiles/cmTC_8f0d1.dir/build
make[1]: Entering directory '/home/dave/Downloads/glfw-3.2.1/CMakeFiles/CMakeTmp'
Building C object CMakeFiles/cmTC_8f0d1.dir/CheckFunctionExists.c.o
/usr/bin/cc    -DCHECK_FUNCTION_EXISTS=pthread_create   -o CMakeFiles/cmTC_8f0d1.dir/CheckFunctionExists.c.o   -c /usr/share/cmake-3.5/Modules/CheckFunctionExists.c
Linking C executable cmTC_8f0d1
/usr/bin/cmake -E cmake_link_script CMakeFiles/cmTC_8f0d1.dir/link.txt --verbose=1
/usr/bin/cc   -DCHECK_FUNCTION_EXISTS=pthread_create    CMakeFiles/cmTC_8f0d1.dir/CheckFunctionExists.c.o  -o cmTC_8f0d1 -rdynamic -lpthread 
make[1]: Leaving directory '/home/dave/Downloads/glfw-3.2.1/CMakeFiles/CMakeTmp'


Determining if the function XOpenDisplay exists in the /usr/lib/x86_64-linux-gnu/libX11.so;/usr/lib/x86_64-linux-gnu/libXext.so passed with the following output:
Change Dir: /home/dave/Downloads/glfw-3.2.1/CMakeFiles/CMakeTmp

Run Build Command:"/usr/bin/make" "cmTC_4a4ac/fast"
/usr/bin/make -f CMakeFiles/cmTC_4a4ac.dir/build.make CMakeFiles/cmTC_4a4ac.dir/build
make[1]: Entering directory '/home/dave/Downloads/glfw-3.2.1/CMakeFiles/CMakeTmp'
Building C object CMakeFiles/cmTC_4a4ac.dir/CheckFunctionExists.c.o
/usr/bin/cc    -DCHECK_FUNCTION_EXISTS=XOpenDisplay   -o CMakeFiles/cmTC_4a4ac.dir/CheckFunctionExists.c.o   -c /usr/share/cmake-3.5/Modules/CheckFunctionExists.c
Linking C executable cmTC_4a4ac
/usr/bin/cmake -E cmake_link_script CMakeFiles/cmTC_4a4ac.dir/link.txt --verbose=1
/usr/bin/cc   -DCHECK_FUNCTION_EXISTS=XOpenDisplay    CMakeFiles/cmTC_4a4ac.dir/CheckFunctionExists.c.o  -o cmTC_4a4ac -rdynamic /usr/lib/x86_64-linux-gnu/libX11.so /usr/lib/x86_64-linux-gnu/libXext.so 
make[1]: Leaving directory '/home/dave/Downloads/glfw-3.2.1/CMakeFiles/CMakeTmp'


Determining if the function gethostbyname exists passed with the following output:
Change Dir: /home/dave/Downloads/glfw-3.2.1/CMakeFiles/CMakeTmp

Run Build Command:"/usr/bin/make" "cmTC_785c1/fast"
/usr/bin/make -f CMakeFiles/cmTC_785c1.dir/build.make CMakeFiles/cmTC_785c1.dir/build
make[1]: Entering directory '/home/dave/Downloads/glfw-3.2.1/CMakeFiles/CMakeTmp'
Building C object CMakeFiles/cmTC_785c1.dir/CheckFunctionExists.c.o
/usr/bin/cc    -DCHECK_FUNCTION_EXISTS=gethostbyname   -o CMakeFiles/cmTC_785c1.dir/CheckFunctionExists.c.o   -c /usr/share/cmake-3.5/Modules/CheckFunctionExists.c
Linking C executable cmTC_785c1
/usr/bin/cmake -E cmake_link_script CMakeFiles/cmTC_785c1.dir/link.txt --verbose=1
/usr/bin/cc   -DCHECK_FUNCTION_EXISTS=gethostbyname    CMakeFiles/cmTC_785c1.dir/CheckFunctionExists.c.o  -o cmTC_785c1 -rdynamic 
make[1]: Leaving directory '/home/dave/Downloads/glfw-3.2.1/CMakeFiles/CMakeTmp'


Determining if the function connect exists passed with the following output:
Change Dir: /home/dave/Downloads/glfw-3.2.1/CMakeFiles/CMakeTmp

Run Build Command:"/usr/bin/make" "cmTC_86151/fast"
/usr/bin/make -f CMakeFiles/cmTC_86151.dir/build.make CMakeFiles/cmTC_86151.dir/build
make[1]: Entering directory '/home/dave/Downloads/glfw-3.2.1/CMakeFiles/CMakeTmp'
Building C object CMakeFiles/cmTC_86151.dir/CheckFunctionExists.c.o
/usr/bin/cc    -DCHECK_FUNCTION_EXISTS=connect   -o CMakeFiles/cmTC_86151.dir/CheckFunctionExists.c.o   -c /usr/share/cmake-3.5/Modules/CheckFunctionExists.c
Linking C executable cmTC_86151
/usr/bin/cmake -E cmake_link_script CMakeFiles/cmTC_86151.dir/link.txt --verbose=1
/usr/bin/cc   -DCHECK_FUNCTION_EXISTS=connect    CMakeFiles/cmTC_86151.dir/CheckFunctionExists.c.o  -o cmTC_86151 -rdynamic 
make[1]: Leaving directory '/home/dave/Downloads/glfw-3.2.1/CMakeFiles/CMakeTmp'


Determining if the function remove exists passed with the following output:
Change Dir: /home/dave/Downloads/glfw-3.2.1/CMakeFiles/CMakeTmp

Run Build Command:"/usr/bin/make" "cmTC_f37ba/fast"
/usr/bin/make -f CMakeFiles/cmTC_f37ba.dir/build.make CMakeFiles/cmTC_f37ba.dir/build
make[1]: Entering directory '/home/dave/Downloads/glfw-3.2.1/CMakeFiles/CMakeTmp'
Building C object CMakeFiles/cmTC_f37ba.dir/CheckFunctionExists.c.o
/usr/bin/cc    -DCHECK_FUNCTION_EXISTS=remove   -o CMakeFiles/cmTC_f37ba.dir/CheckFunctionExists.c.o   -c /usr/share/cmake-3.5/Modules/CheckFunctionExists.c
Linking C executable cmTC_f37ba
/usr/bin/cmake -E cmake_link_script CMakeFiles/cmTC_f37ba.dir/link.txt --verbose=1
/usr/bin/cc   -DCHECK_FUNCTION_EXISTS=remove    CMakeFiles/cmTC_f37ba.dir/CheckFunctionExists.c.o  -o cmTC_f37ba -rdynamic 
make[1]: Leaving directory '/home/dave/Downloads/glfw-3.2.1/CMakeFiles/CMakeTmp'


Determining if the function shmat exists passed with the following output:
Change Dir: /home/dave/Downloads/glfw-3.2.1/CMakeFiles/CMakeTmp

Run Build Command:"/usr/bin/make" "cmTC_4e327/fast"
/usr/bin/make -f CMakeFiles/cmTC_4e327.dir/build.make CMakeFiles/cmTC_4e327.dir/build
make[1]: Entering directory '/home/dave/Downloads/glfw-3.2.1/CMakeFiles/CMakeTmp'
Building C object CMakeFiles/cmTC_4e327.dir/CheckFunctionExists.c.o
/usr/bin/cc    -DCHECK_FUNCTION_EXISTS=shmat   -o CMakeFiles/cmTC_4e327.dir/CheckFunctionExists.c.o   -c /usr/share/cmake-3.5/Modules/CheckFunctionExists.c
Linking C executable cmTC_4e327
/usr/bin/cmake -E cmake_link_script CMakeFiles/cmTC_4e327.dir/link.txt --verbose=1
/usr/bin/cc   -DCHECK_FUNCTION_EXISTS=shmat    CMakeFiles/cmTC_4e327.dir/CheckFunctionExists.c.o  -o cmTC_4e327 -rdynamic 
make[1]: Leaving directory '/home/dave/Downloads/glfw-3.2.1/CMakeFiles/CMakeTmp'


Determining if the function IceConnectionNumber exists in the ICE passed with the following output:
Change Dir: /home/dave/Downloads/glfw-3.2.1/CMakeFiles/CMakeTmp

Run Build Command:"/usr/bin/make" "cmTC_1795f/fast"
/usr/bin/make -f CMakeFiles/cmTC_1795f.dir/build.make CMakeFiles/cmTC_1795f.dir/build
make[1]: Entering directory '/home/dave/Downloads/glfw-3.2.1/CMakeFiles/CMakeTmp'
Building C object CMakeFiles/cmTC_1795f.dir/CheckFunctionExists.c.o
/usr/bin/cc    -DCHECK_FUNCTION_EXISTS=IceConnectionNumber   -o CMakeFiles/cmTC_1795f.dir/CheckFunctionExists.c.o   -c /usr/share/cmake-3.5/Modules/CheckFunctionExists.c
Linking C executable cmTC_1795f
/usr/bin/cmake -E cmake_link_script CMakeFiles/cmTC_1795f.dir/link.txt --verbose=1
/usr/bin/cc   -DCHECK_FUNCTION_EXISTS=IceConnectionNumber    CMakeFiles/cmTC_1795f.dir/CheckFunctionExists.c.o  -o cmTC_1795f -rdynamic -lICE 
make[1]: Leaving directory '/home/dave/Downloads/glfw-3.2.1/CMakeFiles/CMakeTmp'


